2023-05-15 20:40:30,147 [INFO] Activator:177 - 


2023-05-15 20:40:30,149 [INFO] Activator:178 - !SESSION log4j initialized
2023-05-15 20:40:54,581 [ERROR] LogOutputStream:74 - [STDERR_REDIRECT] SLF4J: Failed to load class "org.slf4j.impl.StaticLoggerBinder".
2023-05-15 20:40:54,582 [ERROR] LogOutputStream:74 - [STDERR_REDIRECT] SLF4J: Defaulting to no-operation (NOP) logger implementation
2023-05-15 20:40:54,584 [ERROR] LogOutputStream:74 - [STDERR_REDIRECT] SLF4J: See http://www.slf4j.org/codes.html#StaticLoggerBinder for further details.
2023-05-15 20:41:33,561 [INFO] Activator:177 - 


2023-05-15 20:41:33,562 [INFO] Activator:178 - !SESSION log4j initialized
2023-05-15 20:41:59,269 [ERROR] LogOutputStream:74 - [STDERR_REDIRECT] SLF4J: Failed to load class "org.slf4j.impl.StaticLoggerBinder".
2023-05-15 20:41:59,270 [ERROR] LogOutputStream:74 - [STDERR_REDIRECT] SLF4J: Defaulting to no-operation (NOP) logger implementation
2023-05-15 20:41:59,272 [ERROR] LogOutputStream:74 - [STDERR_REDIRECT] SLF4J: See http://www.slf4j.org/codes.html#StaticLoggerBinder for further details.
2023-05-18 08:18:38,333 [INFO] Activator:177 - 


2023-05-18 08:18:38,333 [INFO] Activator:178 - !SESSION log4j initialized
2023-05-18 08:19:10,457 [INFO] McuFinderGlobals:44 - Set McuFinder mode to 2 (CubeIDE integrated)
2023-05-18 08:19:11,675 [ERROR] LogOutputStream:74 - [STDERR_REDIRECT] SLF4J: Failed to load class "org.slf4j.impl.StaticLoggerBinder".
2023-05-18 08:19:11,675 [ERROR] LogOutputStream:74 - [STDERR_REDIRECT] SLF4J: Defaulting to no-operation (NOP) logger implementation
2023-05-18 08:19:11,675 [ERROR] LogOutputStream:74 - [STDERR_REDIRECT] SLF4J: See http://www.slf4j.org/codes.html#StaticLoggerBinder for further details.
2023-05-18 08:19:12,331 [INFO] ApplicationProperties:181 - Using Application install path: C:\ST\STM32CubeIDE_1.10.0\STM32CubeIDE\plugins\com.st.stm32cube.common.mx_6.6.0.202206222154
2023-05-18 08:19:12,378 [INFO] DbMcusXml:77 - Set database path to: C:\ST\STM32CubeIDE_1.10.0\STM32CubeIDE\plugins\com.st.stm32cube.common.mx_6.6.0.202206222154\\db\/mcu/
2023-05-18 08:19:12,378 [INFO] ApiDb:269 - Set plugin database path to: C:\ST\STM32CubeIDE_1.10.0\STM32CubeIDE\plugins\com.st.stm32cube.common.mx_6.6.0.202206222154\\db\/plugins/boardmanager/
2023-05-18 08:19:12,394 [WARN] ApiDb:254 - Overriding images path with different value:  => C:\ST\STM32CubeIDE_1.10.0\STM32CubeIDE\plugins\com.st.stm32cube.common.mx_6.6.0.202206222154\\db\/plugins/mcufinder/images/
2023-05-18 08:19:12,425 [INFO] ApiDb:249 - Set database path to: C:\Users\admin\.stmcufinder\plugins\mcufinder//mcu/
2023-05-18 08:19:12,425 [INFO] DbMcusAds:124 - Set database path to: C:\Users\admin\.stmcufinder\plugins\mcufinder//mcu/
2023-05-18 08:19:13,191 [INFO] CrossReferenceDbSqlite:201 - Set database path to: C:\Users\admin\.stmcufinder\plugins\mcufinder//mcu/cs/
2023-05-18 08:19:13,472 [INFO] RulesReader:61 - Compatibility file has been processed (282 Rules)
2023-05-18 08:19:13,815 [INFO] DbMcusXml:77 - Set database path to: C:\ST\STM32CubeIDE_1.10.0\STM32CubeIDE\plugins\com.st.stm32cube.common.mx_6.6.0.202206222154\\db\/mcu/
2023-05-18 08:19:13,815 [INFO] ApiDb:269 - Set plugin database path to: C:\ST\STM32CubeIDE_1.10.0\STM32CubeIDE\plugins\com.st.stm32cube.common.mx_6.6.0.202206222154\\db\/plugins/boardmanager/
2023-05-18 08:19:13,815 [INFO] ApiDb:256 - Set plugin images path to: C:\ST\STM32CubeIDE_1.10.0\STM32CubeIDE\plugins\com.st.stm32cube.common.mx_6.6.0.202206222154\\db\/plugins/mcufinder/images/
2023-05-18 08:19:13,815 [WARN] DbFile:40 - Overriding database path with different value: C:\Users\admin\.stmcufinder\plugins\mcufinder/ => C:\Users\admin\.stmcufinder\plugins\mcufinder
2023-05-18 08:19:13,831 [INFO] ApiDb:249 - Set database path to: C:\Users\admin\.stmcufinder\plugins\mcufinder//mcu/
2023-05-18 08:19:13,831 [WARN] DbFile:40 - Overriding database path with different value: C:\Users\admin\.stmcufinder\plugins\mcufinder/ => C:\Users\admin\.stmcufinder\plugins\mcufinder
2023-05-18 08:19:13,831 [INFO] DbMcusAds:124 - Set database path to: C:\Users\admin\.stmcufinder\plugins\mcufinder//mcu/
2023-05-18 08:19:13,831 [WARN] DbFile:40 - Overriding database path with different value: C:\Users\admin\.stmcufinder\plugins\mcufinder/ => C:\Users\admin\.stmcufinder\plugins\mcufinder
2023-05-18 08:19:13,831 [WARN] DbFile:40 - Overriding database path with different value: C:\Users\admin\.stmcufinder\plugins\mcufinder/ => C:\Users\admin\.stmcufinder\plugins\mcufinder
2023-05-18 08:19:14,690 [INFO] CrossReferenceDbSqlite:201 - Set database path to: C:\Users\admin\.stmcufinder\plugins\mcufinder//mcu/cs/
2023-05-18 08:19:14,987 [INFO] MainPanel:242 - HeapMemory: 268435456
2023-05-18 08:19:15,227 [INFO] DbMcusXml:77 - Set database path to: C:\ST\STM32CubeIDE_1.10.0\STM32CubeIDE\plugins\com.st.stm32cube.common.mx_6.6.0.202206222154\\db\/mcu/
2023-05-18 08:19:15,227 [INFO] ApiDb:269 - Set plugin database path to: C:\ST\STM32CubeIDE_1.10.0\STM32CubeIDE\plugins\com.st.stm32cube.common.mx_6.6.0.202206222154\\db\/plugins/boardmanager/
2023-05-18 08:19:15,227 [INFO] ApiDb:256 - Set plugin images path to: C:\ST\STM32CubeIDE_1.10.0\STM32CubeIDE\plugins\com.st.stm32cube.common.mx_6.6.0.202206222154\\db\/plugins/mcufinder/images/
2023-05-18 08:19:15,227 [WARN] DbFile:40 - Overriding database path with different value: C:\Users\admin\.stmcufinder\plugins\mcufinder/ => C:\Users\admin\.stmcufinder\plugins\mcufinder
2023-05-18 08:19:15,227 [INFO] ApiDb:249 - Set database path to: C:\Users\admin\.stmcufinder\plugins\mcufinder//mcu/
2023-05-18 08:19:15,227 [WARN] DbFile:40 - Overriding database path with different value: C:\Users\admin\.stmcufinder\plugins\mcufinder/ => C:\Users\admin\.stmcufinder\plugins\mcufinder
2023-05-18 08:19:15,227 [INFO] DbMcusAds:124 - Set database path to: C:\Users\admin\.stmcufinder\plugins\mcufinder//mcu/
2023-05-18 08:19:15,227 [WARN] DbFile:40 - Overriding database path with different value: C:\Users\admin\.stmcufinder\plugins\mcufinder/ => C:\Users\admin\.stmcufinder\plugins\mcufinder
2023-05-18 08:19:15,243 [WARN] DbFile:40 - Overriding database path with different value: C:\Users\admin\.stmcufinder\plugins\mcufinder/ => C:\Users\admin\.stmcufinder\plugins\mcufinder
2023-05-18 08:19:16,195 [INFO] CrossReferenceDbSqlite:201 - Set database path to: C:\Users\admin\.stmcufinder\plugins\mcufinder//mcu/cs/
2023-05-18 08:19:16,227 [INFO] ApplicationProperties:181 - Using Application install path: C:\ST\STM32CubeIDE_1.10.0\STM32CubeIDE\plugins\com.st.stm32cube.common.mx_6.6.0.202206222154
2023-05-18 08:19:16,227 [INFO] PluginManage:193 - Search for loadable plugins [exclusion list=, ]
2023-05-18 08:19:16,227 [INFO] PluginManage:307 - Check plugin analytics
2023-05-18 08:19:21,928 [INFO] AnalyticsPlugin:262 - Accepted Software Licenses: 
2023-05-18 08:19:21,928 [INFO] AnalyticsPlugin:264 - Accepted CMSIS Pack Licenses: 
2023-05-18 08:19:21,928 [INFO] AnalyticsPlugin:266 - Accepted Firmware Licenses: 
2023-05-18 08:19:21,975 [INFO] PluginManage:356 - Loaded plugin analytics (category:tool,tabindex:-1)
2023-05-18 08:19:21,975 [INFO] PluginManage:307 - Check plugin cadmodel
2023-05-18 08:19:21,991 [INFO] CADModel:65 - Init CAD model plugin
2023-05-18 08:19:21,991 [INFO] PluginManage:356 - Loaded plugin cadmodel (category:power,tabindex:5)
2023-05-18 08:19:21,991 [INFO] PluginManage:307 - Check plugin clock
2023-05-18 08:19:22,022 [INFO] PluginManage:356 - Loaded plugin clock (category:base,tabindex:2)
2023-05-18 08:19:22,022 [INFO] PluginManage:307 - Check plugin ddr
2023-05-18 08:19:22,022 [INFO] PluginManage:356 - Loaded plugin ddr (category:tool,tabindex:6)
2023-05-18 08:19:22,022 [INFO] PluginManage:307 - Check plugin filemanager
2023-05-18 08:19:22,366 [INFO] PluginManage:356 - Loaded plugin filemanager (category:base,tabindex:10)
2023-05-18 08:19:22,366 [INFO] PluginManage:307 - Check plugin ipmanager
2023-05-18 08:19:22,382 [INFO] PluginManage:356 - Loaded plugin ipmanager (category:base,tabindex:5)
2023-05-18 08:19:22,382 [INFO] PluginManage:307 - Check plugin lpbam
2023-05-18 08:19:22,413 [INFO] PluginManage:356 - Loaded plugin lpbam (category:base,tabindex:0)
2023-05-18 08:19:22,413 [INFO] PluginManage:307 - Check plugin pinoutandconfiguration
2023-05-18 08:19:22,428 [INFO] PluginManage:356 - Loaded plugin pinoutandconfiguration (category:base,tabindex:1)
2023-05-18 08:19:22,428 [INFO] PluginManage:307 - Check plugin pinoutconfig
2023-05-18 08:19:22,506 [INFO] PluginManage:356 - Loaded plugin pinoutconfig (category:base,tabindex:0)
2023-05-18 08:19:22,506 [INFO] PluginManage:307 - Check plugin power
2023-05-18 08:19:22,553 [INFO] PluginManage:356 - Loaded plugin power (category:power,tabindex:4)
2023-05-18 08:19:22,553 [INFO] PluginManage:307 - Check plugin projectmanager
2023-05-18 08:19:22,600 [INFO] PluginManage:356 - Loaded plugin projectmanager (category:projectmanager,tabindex:3)
2023-05-18 08:19:22,600 [INFO] PluginManage:307 - Check plugin thirdparty
2023-05-18 08:19:22,944 [WARN] IntegrityCheckThread:82 - waiting for thirdparty lock release [integrity check]
2023-05-18 08:19:22,944 [INFO] PluginManage:356 - Loaded plugin thirdparty (category:base,tabindex:-1)
2023-05-18 08:19:22,944 [INFO] IntegrityCheckThread:84 - entering critical section [integrity check]
2023-05-18 08:19:22,944 [INFO] PluginManage:307 - Check plugin tools
2023-05-18 08:19:22,959 [INFO] PluginManage:356 - Loaded plugin tools (category:base,tabindex:7)
2023-05-18 08:19:22,959 [INFO] ThirdPartyUpdaterWithRetryManager:70 - Updater plugin not ready yet. [1/15]
2023-05-18 08:19:22,959 [INFO] PluginManage:307 - Check plugin tutovideos
2023-05-18 08:19:23,381 [INFO] PluginManage:356 - Loaded plugin tutovideos (category:base,tabindex:-1)
2023-05-18 08:19:23,381 [INFO] PluginManage:307 - Check plugin updater
2023-05-18 08:19:23,413 [INFO] PluginManage:356 - Loaded plugin updater (category:base,tabindex:12)
2023-05-18 08:19:23,413 [INFO] PluginManage:280 - PluginManage : Loaded plugins [15]
2023-05-18 08:19:23,944 [INFO] PinOutPanel:1468 - setPackage(No Configuration,No Configuration)
2023-05-18 08:20:02,224 [INFO] Activator:177 - 


2023-05-18 08:20:02,239 [INFO] Activator:178 - !SESSION log4j initialized
2023-05-18 08:20:35,111 [ERROR] LogOutputStream:74 - [STDERR_REDIRECT] SLF4J: Failed to load class "org.slf4j.impl.StaticLoggerBinder".
2023-05-18 08:20:35,111 [ERROR] LogOutputStream:74 - [STDERR_REDIRECT] SLF4J: Defaulting to no-operation (NOP) logger implementation
2023-05-18 08:20:35,111 [ERROR] LogOutputStream:74 - [STDERR_REDIRECT] SLF4J: See http://www.slf4j.org/codes.html#StaticLoggerBinder for further details.
2023-05-18 08:20:47,411 [INFO] McuFinderGlobals:44 - Set McuFinder mode to 2 (CubeIDE integrated)
2023-05-18 08:20:51,097 [INFO] ApplicationProperties:181 - Using Application install path: C:\ST\STM32CubeIDE_1.10.0\STM32CubeIDE\plugins\com.st.stm32cube.common.mx_6.6.0.202206222154
2023-05-18 08:20:51,129 [INFO] DbMcusXml:77 - Set database path to: C:\ST\STM32CubeIDE_1.10.0\STM32CubeIDE\plugins\com.st.stm32cube.common.mx_6.6.0.202206222154\\db\/mcu/
2023-05-18 08:20:51,129 [INFO] ApiDb:269 - Set plugin database path to: C:\ST\STM32CubeIDE_1.10.0\STM32CubeIDE\plugins\com.st.stm32cube.common.mx_6.6.0.202206222154\\db\/plugins/boardmanager/
2023-05-18 08:20:51,129 [WARN] ApiDb:254 - Overriding images path with different value:  => C:\ST\STM32CubeIDE_1.10.0\STM32CubeIDE\plugins\com.st.stm32cube.common.mx_6.6.0.202206222154\\db\/plugins/mcufinder/images/
2023-05-18 08:20:51,144 [INFO] ApiDb:249 - Set database path to: C:\Users\admin\.stmcufinder\plugins\mcufinder//mcu/
2023-05-18 08:20:51,160 [INFO] DbMcusAds:124 - Set database path to: C:\Users\admin\.stmcufinder\plugins\mcufinder//mcu/
2023-05-18 08:20:52,191 [INFO] CrossReferenceDbSqlite:201 - Set database path to: C:\Users\admin\.stmcufinder\plugins\mcufinder//mcu/cs/
2023-05-18 08:20:52,394 [INFO] RulesReader:61 - Compatibility file has been processed (282 Rules)
2023-05-18 08:20:52,535 [INFO] DbMcusXml:77 - Set database path to: C:\ST\STM32CubeIDE_1.10.0\STM32CubeIDE\plugins\com.st.stm32cube.common.mx_6.6.0.202206222154\\db\/mcu/
2023-05-18 08:20:52,550 [INFO] ApiDb:269 - Set plugin database path to: C:\ST\STM32CubeIDE_1.10.0\STM32CubeIDE\plugins\com.st.stm32cube.common.mx_6.6.0.202206222154\\db\/plugins/boardmanager/
2023-05-18 08:20:52,550 [INFO] ApiDb:256 - Set plugin images path to: C:\ST\STM32CubeIDE_1.10.0\STM32CubeIDE\plugins\com.st.stm32cube.common.mx_6.6.0.202206222154\\db\/plugins/mcufinder/images/
2023-05-18 08:20:52,550 [WARN] DbFile:40 - Overriding database path with different value: C:\Users\admin\.stmcufinder\plugins\mcufinder/ => C:\Users\admin\.stmcufinder\plugins\mcufinder
2023-05-18 08:20:52,550 [INFO] ApiDb:249 - Set database path to: C:\Users\admin\.stmcufinder\plugins\mcufinder//mcu/
2023-05-18 08:20:52,550 [WARN] DbFile:40 - Overriding database path with different value: C:\Users\admin\.stmcufinder\plugins\mcufinder/ => C:\Users\admin\.stmcufinder\plugins\mcufinder
2023-05-18 08:20:52,550 [INFO] DbMcusAds:124 - Set database path to: C:\Users\admin\.stmcufinder\plugins\mcufinder//mcu/
2023-05-18 08:20:52,550 [WARN] DbFile:40 - Overriding database path with different value: C:\Users\admin\.stmcufinder\plugins\mcufinder/ => C:\Users\admin\.stmcufinder\plugins\mcufinder
2023-05-18 08:20:52,550 [WARN] DbFile:40 - Overriding database path with different value: C:\Users\admin\.stmcufinder\plugins\mcufinder/ => C:\Users\admin\.stmcufinder\plugins\mcufinder
2023-05-18 08:20:53,191 [INFO] CrossReferenceDbSqlite:201 - Set database path to: C:\Users\admin\.stmcufinder\plugins\mcufinder//mcu/cs/
2023-05-18 08:20:53,316 [INFO] MainPanel:242 - HeapMemory: 268435456
2023-05-18 08:20:53,441 [INFO] DbMcusXml:77 - Set database path to: C:\ST\STM32CubeIDE_1.10.0\STM32CubeIDE\plugins\com.st.stm32cube.common.mx_6.6.0.202206222154\\db\/mcu/
2023-05-18 08:20:53,441 [INFO] ApiDb:269 - Set plugin database path to: C:\ST\STM32CubeIDE_1.10.0\STM32CubeIDE\plugins\com.st.stm32cube.common.mx_6.6.0.202206222154\\db\/plugins/boardmanager/
2023-05-18 08:20:53,441 [INFO] ApiDb:256 - Set plugin images path to: C:\ST\STM32CubeIDE_1.10.0\STM32CubeIDE\plugins\com.st.stm32cube.common.mx_6.6.0.202206222154\\db\/plugins/mcufinder/images/
2023-05-18 08:20:53,441 [WARN] DbFile:40 - Overriding database path with different value: C:\Users\admin\.stmcufinder\plugins\mcufinder/ => C:\Users\admin\.stmcufinder\plugins\mcufinder
2023-05-18 08:20:53,441 [INFO] ApiDb:249 - Set database path to: C:\Users\admin\.stmcufinder\plugins\mcufinder//mcu/
2023-05-18 08:20:53,441 [WARN] DbFile:40 - Overriding database path with different value: C:\Users\admin\.stmcufinder\plugins\mcufinder/ => C:\Users\admin\.stmcufinder\plugins\mcufinder
2023-05-18 08:20:53,441 [INFO] DbMcusAds:124 - Set database path to: C:\Users\admin\.stmcufinder\plugins\mcufinder//mcu/
2023-05-18 08:20:53,441 [WARN] DbFile:40 - Overriding database path with different value: C:\Users\admin\.stmcufinder\plugins\mcufinder/ => C:\Users\admin\.stmcufinder\plugins\mcufinder
2023-05-18 08:20:53,441 [WARN] DbFile:40 - Overriding database path with different value: C:\Users\admin\.stmcufinder\plugins\mcufinder/ => C:\Users\admin\.stmcufinder\plugins\mcufinder
2023-05-18 08:20:54,190 [INFO] CrossReferenceDbSqlite:201 - Set database path to: C:\Users\admin\.stmcufinder\plugins\mcufinder//mcu/cs/
2023-05-18 08:20:54,222 [INFO] ApplicationProperties:181 - Using Application install path: C:\ST\STM32CubeIDE_1.10.0\STM32CubeIDE\plugins\com.st.stm32cube.common.mx_6.6.0.202206222154
2023-05-18 08:20:54,222 [INFO] PluginManage:193 - Search for loadable plugins [exclusion list=, ]
2023-05-18 08:20:54,237 [INFO] PluginManage:307 - Check plugin analytics
2023-05-18 08:20:59,893 [INFO] AnalyticsPlugin:262 - Accepted Software Licenses: 
2023-05-18 08:20:59,893 [INFO] AnalyticsPlugin:264 - Accepted CMSIS Pack Licenses: 
2023-05-18 08:20:59,893 [INFO] AnalyticsPlugin:266 - Accepted Firmware Licenses: 
2023-05-18 08:20:59,925 [INFO] PluginManage:356 - Loaded plugin analytics (category:tool,tabindex:-1)
2023-05-18 08:20:59,925 [INFO] PluginManage:307 - Check plugin cadmodel
2023-05-18 08:20:59,940 [INFO] CADModel:65 - Init CAD model plugin
2023-05-18 08:20:59,940 [INFO] PluginManage:356 - Loaded plugin cadmodel (category:power,tabindex:5)
2023-05-18 08:20:59,940 [INFO] PluginManage:307 - Check plugin clock
2023-05-18 08:20:59,956 [INFO] PluginManage:356 - Loaded plugin clock (category:base,tabindex:2)
2023-05-18 08:20:59,956 [INFO] PluginManage:307 - Check plugin ddr
2023-05-18 08:20:59,956 [INFO] PluginManage:356 - Loaded plugin ddr (category:tool,tabindex:6)
2023-05-18 08:20:59,956 [INFO] PluginManage:307 - Check plugin filemanager
2023-05-18 08:21:00,221 [INFO] PluginManage:356 - Loaded plugin filemanager (category:base,tabindex:10)
2023-05-18 08:21:00,221 [INFO] PluginManage:307 - Check plugin ipmanager
2023-05-18 08:21:00,253 [INFO] PluginManage:356 - Loaded plugin ipmanager (category:base,tabindex:5)
2023-05-18 08:21:00,253 [INFO] PluginManage:307 - Check plugin lpbam
2023-05-18 08:21:00,268 [INFO] PluginManage:356 - Loaded plugin lpbam (category:base,tabindex:0)
2023-05-18 08:21:00,268 [INFO] PluginManage:307 - Check plugin pinoutandconfiguration
2023-05-18 08:21:00,284 [INFO] PluginManage:356 - Loaded plugin pinoutandconfiguration (category:base,tabindex:1)
2023-05-18 08:21:00,284 [INFO] PluginManage:307 - Check plugin pinoutconfig
2023-05-18 08:21:00,346 [INFO] PluginManage:356 - Loaded plugin pinoutconfig (category:base,tabindex:0)
2023-05-18 08:21:00,346 [INFO] PluginManage:307 - Check plugin power
2023-05-18 08:21:00,362 [INFO] PluginManage:356 - Loaded plugin power (category:power,tabindex:4)
2023-05-18 08:21:00,362 [INFO] PluginManage:307 - Check plugin projectmanager
2023-05-18 08:21:00,393 [INFO] PluginManage:356 - Loaded plugin projectmanager (category:projectmanager,tabindex:3)
2023-05-18 08:21:00,393 [INFO] PluginManage:307 - Check plugin thirdparty
2023-05-18 08:21:00,628 [WARN] IntegrityCheckThread:82 - waiting for thirdparty lock release [integrity check]
2023-05-18 08:21:00,628 [INFO] PluginManage:356 - Loaded plugin thirdparty (category:base,tabindex:-1)
2023-05-18 08:21:00,628 [INFO] IntegrityCheckThread:84 - entering critical section [integrity check]
2023-05-18 08:21:00,628 [INFO] PluginManage:307 - Check plugin tools
2023-05-18 08:21:00,643 [INFO] ThirdPartyUpdaterWithRetryManager:70 - Updater plugin not ready yet. [1/15]
2023-05-18 08:21:00,643 [INFO] PluginManage:356 - Loaded plugin tools (category:base,tabindex:7)
2023-05-18 08:21:00,643 [INFO] PluginManage:307 - Check plugin tutovideos
2023-05-18 08:21:00,971 [INFO] PluginManage:356 - Loaded plugin tutovideos (category:base,tabindex:-1)
2023-05-18 08:21:00,971 [INFO] PluginManage:307 - Check plugin updater
2023-05-18 08:21:00,987 [INFO] PluginManage:356 - Loaded plugin updater (category:base,tabindex:12)
2023-05-18 08:21:00,987 [INFO] PluginManage:280 - PluginManage : Loaded plugins [15]
2023-05-18 08:21:01,362 [INFO] PinOutPanel:1468 - setPackage(No Configuration,No Configuration)
2023-05-18 08:21:01,471 [INFO] CADModel:98 - CPN selected for project level
2023-05-18 08:21:01,502 [INFO] IPUIPlugin:79 - create IPUIPlugin
2023-05-18 08:21:01,502 [INFO] PluginManager:217 - loadIPPluginJar : add adc
2023-05-18 08:21:01,518 [INFO] IPUIPlugin:79 - create IPUIPlugin
2023-05-18 08:21:01,518 [INFO] PluginManager:217 - loadIPPluginJar : add aes
2023-05-18 08:21:01,518 [INFO] IPUIPlugin:79 - create IPUIPlugin
2023-05-18 08:21:01,518 [INFO] PluginManager:217 - loadIPPluginJar : add can
2023-05-18 08:21:01,518 [INFO] IPUIPlugin:79 - create IPUIPlugin
2023-05-18 08:21:01,518 [INFO] PluginManager:217 - loadIPPluginJar : add comp
2023-05-18 08:21:01,534 [INFO] IPUIPlugin:79 - create IPUIPlugin
2023-05-18 08:21:01,534 [INFO] PluginManager:217 - loadIPPluginJar : add cryp
2023-05-18 08:21:01,534 [INFO] IPUIPlugin:79 - create IPUIPlugin
2023-05-18 08:21:01,534 [INFO] PluginManager:217 - loadIPPluginJar : add dfsdm
2023-05-18 08:21:01,549 [INFO] IPUIPlugin:79 - create IPUIPlugin
2023-05-18 08:21:01,549 [INFO] PluginManager:217 - loadIPPluginJar : add dma
2023-05-18 08:21:01,549 [INFO] IPUIPlugin:79 - create IPUIPlugin
2023-05-18 08:21:01,549 [INFO] PluginManager:217 - loadIPPluginJar : add dma3
2023-05-18 08:21:01,549 [INFO] IPUIPlugin:79 - create IPUIPlugin
2023-05-18 08:21:01,549 [INFO] PluginManager:217 - loadIPPluginJar : add fatfs
2023-05-18 08:21:01,565 [INFO] IPUIPlugin:79 - create IPUIPlugin
2023-05-18 08:21:01,565 [INFO] PluginManager:217 - loadIPPluginJar : add fmc
2023-05-18 08:21:01,580 [INFO] IPUIPlugin:79 - create IPUIPlugin
2023-05-18 08:21:01,580 [INFO] PluginManager:217 - loadIPPluginJar : add freertos
2023-05-18 08:21:01,580 [INFO] IPUIPlugin:79 - create IPUIPlugin
2023-05-18 08:21:01,580 [INFO] PluginManager:217 - loadIPPluginJar : add genericplugin
2023-05-18 08:21:01,580 [INFO] IPUIPlugin:79 - create IPUIPlugin
2023-05-18 08:21:01,580 [INFO] PluginManager:217 - loadIPPluginJar : add gfxmmu
2023-05-18 08:21:01,596 [INFO] IPUIPlugin:79 - create IPUIPlugin
2023-05-18 08:21:01,596 [INFO] PluginManager:217 - loadIPPluginJar : add gic
2023-05-18 08:21:01,612 [INFO] IPUIPlugin:79 - create IPUIPlugin
2023-05-18 08:21:01,612 [INFO] PluginManager:217 - loadIPPluginJar : add gpio
2023-05-18 08:21:01,612 [INFO] IPUIPlugin:79 - create IPUIPlugin
2023-05-18 08:21:01,612 [INFO] PluginManager:217 - loadIPPluginJar : add gtzc
2023-05-18 08:21:01,612 [INFO] IPUIPlugin:79 - create IPUIPlugin
2023-05-18 08:21:01,612 [INFO] PluginManager:217 - loadIPPluginJar : add hash
2023-05-18 08:21:01,627 [INFO] IPUIPlugin:79 - create IPUIPlugin
2023-05-18 08:21:01,627 [INFO] PluginManager:217 - loadIPPluginJar : add i2c
2023-05-18 08:21:01,627 [INFO] IPUIPlugin:79 - create IPUIPlugin
2023-05-18 08:21:01,627 [INFO] PluginManager:217 - loadIPPluginJar : add i2s
2023-05-18 08:21:01,627 [INFO] IPUIPlugin:79 - create IPUIPlugin
2023-05-18 08:21:01,627 [INFO] PluginManager:217 - loadIPPluginJar : add ipddr
2023-05-18 08:21:01,643 [INFO] IPUIPlugin:79 - create IPUIPlugin
2023-05-18 08:21:01,643 [INFO] PluginManager:217 - loadIPPluginJar : add linkedlist
2023-05-18 08:21:01,659 [INFO] IPUIPlugin:79 - create IPUIPlugin
2023-05-18 08:21:01,659 [INFO] PluginManager:217 - loadIPPluginJar : add lorawan
2023-05-18 08:21:01,659 [INFO] IPUIPlugin:79 - create IPUIPlugin
2023-05-18 08:21:01,659 [INFO] PluginManager:217 - loadIPPluginJar : add ltdc
2023-05-18 08:21:01,674 [INFO] IPUIPlugin:79 - create IPUIPlugin
2023-05-18 08:21:01,674 [INFO] PluginManager:217 - loadIPPluginJar : add mdma
2023-05-18 08:21:01,674 [INFO] IPUIPlugin:79 - create IPUIPlugin
2023-05-18 08:21:01,674 [INFO] PluginManager:217 - loadIPPluginJar : add nvic
2023-05-18 08:21:01,674 [INFO] IPUIPlugin:79 - create IPUIPlugin
2023-05-18 08:21:01,674 [INFO] PluginManager:217 - loadIPPluginJar : add opamp
2023-05-18 08:21:01,690 [INFO] IPUIPlugin:79 - create IPUIPlugin
2023-05-18 08:21:01,690 [INFO] PluginManager:217 - loadIPPluginJar : add openamp
2023-05-18 08:21:01,690 [INFO] IPUIPlugin:79 - create IPUIPlugin
2023-05-18 08:21:01,690 [INFO] PluginManager:217 - loadIPPluginJar : add pdm2pcm
2023-05-18 08:21:01,705 [INFO] IPUIPlugin:79 - create IPUIPlugin
2023-05-18 08:21:01,721 [INFO] PluginManager:217 - loadIPPluginJar : add plateformsettings
2023-05-18 08:21:01,721 [INFO] IPUIPlugin:79 - create IPUIPlugin
2023-05-18 08:21:01,721 [INFO] PluginManager:217 - loadIPPluginJar : add quadspi
2023-05-18 08:21:01,721 [INFO] IPUIPlugin:79 - create IPUIPlugin
2023-05-18 08:21:01,737 [INFO] PluginManager:217 - loadIPPluginJar : add resmgrutility
2023-05-18 08:21:01,737 [INFO] IPUIPlugin:79 - create IPUIPlugin
2023-05-18 08:21:01,737 [INFO] PluginManager:217 - loadIPPluginJar : add sai
2023-05-18 08:21:01,737 [INFO] IPUIPlugin:79 - create IPUIPlugin
2023-05-18 08:21:01,737 [INFO] PluginManager:217 - loadIPPluginJar : add spi
2023-05-18 08:21:01,752 [INFO] IPUIPlugin:79 - create IPUIPlugin
2023-05-18 08:21:01,752 [INFO] PluginManager:217 - loadIPPluginJar : add stm32_wpan
2023-05-18 08:21:01,752 [INFO] IPUIPlugin:79 - create IPUIPlugin
2023-05-18 08:21:01,752 [INFO] PluginManager:217 - loadIPPluginJar : add tim
2023-05-18 08:21:01,768 [INFO] IPUIPlugin:79 - create IPUIPlugin
2023-05-18 08:21:01,768 [INFO] PluginManager:217 - loadIPPluginJar : add touchsensing
2023-05-18 08:21:01,768 [INFO] IPUIPlugin:79 - create IPUIPlugin
2023-05-18 08:21:01,768 [INFO] PluginManager:217 - loadIPPluginJar : add tracer_emb
2023-05-18 08:21:01,768 [INFO] IPUIPlugin:79 - create IPUIPlugin
2023-05-18 08:21:01,768 [INFO] PluginManager:217 - loadIPPluginJar : add ts
2023-05-18 08:21:01,768 [INFO] IPUIPlugin:79 - create IPUIPlugin
2023-05-18 08:21:01,768 [INFO] PluginManager:217 - loadIPPluginJar : add tsc
2023-05-18 08:21:01,768 [INFO] IPUIPlugin:79 - create IPUIPlugin
2023-05-18 08:21:01,784 [INFO] PluginManager:217 - loadIPPluginJar : add ucpd
2023-05-18 08:21:01,784 [INFO] IPUIPlugin:79 - create IPUIPlugin
2023-05-18 08:21:01,784 [INFO] PluginManager:217 - loadIPPluginJar : add usart
2023-05-18 08:21:01,784 [INFO] IPUIPlugin:79 - create IPUIPlugin
2023-05-18 08:21:01,784 [INFO] PluginManager:217 - loadIPPluginJar : add usbx
2023-05-18 08:21:02,222 [FATAL] Updater:301 - Updater called before beeing initialized
2023-05-18 08:21:02,456 [FATAL] Updater:301 - Updater called before beeing initialized
2023-05-18 08:21:02,472 [INFO] DbMcusAds:52 - JSON generation date=Tue Mar 07 15:50:55 ICT 2023 (1678179055114)
2023-05-18 08:21:02,472 [FATAL] Updater:301 - Updater called before beeing initialized
2023-05-18 08:21:02,597 [WARN] DetailPanel:344 - Failed to get advertising image, set to default
2023-05-18 08:21:02,831 [FATAL] Updater:301 - Updater called before beeing initialized
2023-05-18 08:21:02,847 [FATAL] Updater:301 - Updater called before beeing initialized
2023-05-18 08:21:02,847 [FATAL] Updater:301 - Updater called before beeing initialized
2023-05-18 08:21:02,847 [WARN] DetailPanel:344 - Failed to get advertising image, set to default
2023-05-18 08:21:02,847 [FATAL] Updater:301 - Updater called before beeing initialized
2023-05-18 08:21:02,956 [ERROR] Updater:1105 - MainUpdater not yet initialized. External WinMGr cannot be set.
2023-05-18 08:21:02,956 [INFO] Updater:1041 - Updater Version found : 6.6.0
2023-05-18 08:21:02,988 [INFO] ApplicationProperties:181 - Using Application install path: C:\ST\STM32CubeIDE_1.10.0\STM32CubeIDE\plugins\com.st.stm32cube.common.mx_6.6.0.202206222154
2023-05-18 08:21:03,378 [INFO] MainUpdater:2768 - connection check result : 10
2023-05-18 08:21:03,378 [INFO] MainUpdater:280 - Updater Check For Update Now.
2023-05-18 08:21:03,378 [INFO] MicroXplorer:481 - Change Database Version : DB.6.0.60
2023-05-18 08:21:03,597 [INFO] CheckServerUpdateThread:119 - End of CheckServer Thread
2023-05-18 08:21:03,800 [INFO] MainUpdater:2768 - connection check result : 10
2023-05-18 08:21:03,800 [INFO] MainUpdater:2768 - connection check result : 10
2023-05-18 08:21:03,909 [INFO] MicroXplorer:451 - Change Database Path : 
2023-05-18 08:21:03,909 [INFO] MicroXplorer:481 - Change Database Version : DB.6.0.60
2023-05-18 08:21:03,925 [WARN] ThirdParty:827 - waiting for thirdparty lock release [close project]
2023-05-18 08:21:03,972 [WARN] PackLoader:242 - Cannot read IP mode file for STMicroelectronics.X-CUBE-GNSS1.6.0.0
2023-05-18 08:21:04,034 [WARN] PackLoader:242 - Cannot read IP mode file for STMicroelectronics.X-CUBE-AZRTOS-F4.1.1.0
2023-05-18 08:21:04,065 [WARN] PackLoader:242 - Cannot read IP mode file for STMicroelectronics.X-CUBE-SMBUS.2.1.0
2023-05-18 08:21:04,097 [WARN] PackLoader:242 - Cannot read IP mode file for STMicroelectronics.X-CUBE-AZRTOS-F7.1.1.0
2023-05-18 08:21:04,284 [WARN] PackLoader:242 - Cannot read IP mode file for STMicroelectronics.X-CUBE-MEMS1.9.6.0
2023-05-18 08:21:04,550 [ERROR] RealEvaluatedCondition:433 - Found unsupported composite condition: CLASS='Data Exchange' GROUP='STM32_MetaDataManager'
2023-05-18 08:21:04,550 [ERROR] RealEvaluatedCondition:433 - Found unsupported composite condition: CLASS='Data Exchange' GROUP='STM32_MetaDataManager'
2023-05-18 08:21:04,550 [WARN] PackLoader:242 - Cannot read IP mode file for STMicroelectronics.FP-SNS-MOTENV1.4.3.0
2023-05-18 08:21:04,565 [WARN] PackLoader:242 - Cannot read IP mode file for STMicroelectronics.FP-SNS-FLIGHT1.5.0.0
2023-05-18 08:21:04,565 [WARN] PackLoader:242 - Cannot read IP mode file for STMicroelectronics.X-CUBE-BLE1.6.2.4
2023-05-18 08:21:04,581 [WARN] PackLoader:242 - Cannot read IP mode file for emotas.I-CUBE-CANOPEN.1.1.3
2023-05-18 08:21:04,597 [WARN] PackLoader:242 - Cannot read IP mode file for STMicroelectronics.X-CUBE-BLEMGR.2.0.0
2023-05-18 08:21:04,628 [WARN] ConditionMgr:437 - getConditionDescription Invalid condition id : UX DEVICE CLASS RTOS Condition cause : null
2023-05-18 08:21:04,628 [WARN] ConditionMgr:437 - getConditionDescription Invalid condition id : UX DEVICE CLASS RTOS Condition cause : null
2023-05-18 08:21:04,628 [WARN] PackLoader:242 - Cannot read IP mode file for STMicroelectronics.X-CUBE-AZRTOS-H7.3.1.0
2023-05-18 08:21:04,643 [WARN] ConditionMgr:1038 - genDependencies : Invalid condition id : UX DEVICE CLASS RTOS Condition cause : null
2023-05-18 08:21:04,643 [WARN] ConditionMgr:1038 - genDependencies : Invalid condition id : UX DEVICE CLASS RTOS Condition cause : null
2023-05-18 08:21:04,643 [WARN] ConditionMgr:1038 - genDependencies : Invalid condition id : UX DEVICE CLASS RTOS Condition cause : null
2023-05-18 08:21:04,643 [WARN] ConditionMgr:1038 - genDependencies : Invalid condition id : UX DEVICE CLASS RTOS Condition cause : null
2023-05-18 08:21:04,643 [WARN] ConditionMgr:1038 - genDependencies : Invalid condition id : UX DEVICE CLASS RTOS Condition cause : null
2023-05-18 08:21:04,643 [WARN] PackLoader:242 - Cannot read IP mode file for STMicroelectronics.X-CUBE-DISPLAY.3.0.0
2023-05-18 08:21:04,675 [WARN] PackLoader:242 - Cannot read IP mode file for wolfSSL.I-CUBE-wolfSSL.5.5.4
2023-05-18 08:21:04,690 [WARN] PackLoader:242 - Cannot read IP mode file for STMicroelectronics.X-CUBE-NFC7.1.0.0
2023-05-18 08:21:04,690 [WARN] PackLoader:242 - Cannot read IP mode file for STMicroelectronics.X-CUBE-EEPRMA1.4.1.0
2023-05-18 08:21:04,706 [WARN] PackLoader:242 - Cannot read IP mode file for WES.I-CUBE-Cesium.1.3.0
2023-05-18 08:21:04,722 [WARN] PackLoader:242 - Cannot read IP mode file for STMicroelectronics.X-CUBE-SFXS2LP1.4.0.0
2023-05-18 08:21:04,737 [WARN] PackLoader:242 - Cannot read IP mode file for STMicroelectronics.X-CUBE-BLE2.3.3.0
2023-05-18 08:21:04,753 [WARN] PackLoader:242 - Cannot read IP mode file for STMicroelectronics.X-CUBE-TOF1.3.2.0
2023-05-18 08:21:04,815 [WARN] PackLoader:242 - Cannot read IP mode file for STMicroelectronics.X-CUBE-AZRTOS-H7.3.0.0
2023-05-18 08:21:04,862 [WARN] PackLoader:242 - Cannot read IP mode file for STMicroelectronics.X-CUBE-ISPU.1.1.0
2023-05-18 08:21:04,878 [WARN] PackLoader:242 - Cannot read IP mode file for RoweBots.I-CUBE-UNISONRTOS.5.5.0-4
2023-05-18 08:21:04,893 [WARN] PackLoader:242 - Cannot read IP mode file for STMicroelectronics.X-CUBE-AI.8.0.0
2023-05-18 08:21:04,909 [WARN] PackLoader:242 - Cannot read IP mode file for STMicroelectronics.X-CUBE-FREERTOS.1.0.0
2023-05-18 08:21:04,909 [WARN] PackLoader:242 - Cannot read IP mode file for STMicroelectronics.X-CUBE-FREERTOS.1.0.1
2023-05-18 08:21:04,925 [WARN] PackLoader:242 - Cannot read IP mode file for STMicroelectronics.X-CUBE-TOUCHGFX.4.21.1
2023-05-18 08:21:04,925 [WARN] PackLoader:242 - Cannot read IP mode file for STMicroelectronics.X-CUBE-TOUCHGFX.4.21.3
2023-05-18 08:21:04,940 [WARN] PackLoader:242 - Cannot read IP mode file for STMicroelectronics.X-CUBE-TOUCHGFX.4.21.4
2023-05-18 08:21:04,940 [WARN] PackLoader:242 - Cannot read IP mode file for STMicroelectronics.X-CUBE-ALGOBUILD.1.3.0
2023-05-18 08:21:04,972 [WARN] PackLoader:242 - Cannot read IP mode file for STMicroelectronics.X-CUBE-AZRTOS-L5.1.1.0
2023-05-18 08:21:04,987 [WARN] PackLoader:242 - Cannot read IP mode file for STMicroelectronics.X-CUBE-AZRTOS-G0.1.1.0
2023-05-18 08:21:05,003 [WARN] PackLoader:242 - Cannot read IP mode file for STMicroelectronics.X-CUBE-AI.8.0.1
2023-05-18 08:21:05,018 [WARN] PackLoader:242 - Cannot read IP mode file for STMicroelectronics.X-CUBE-SUBG2.5.0.0
2023-05-18 08:21:05,027 [WARN] PackLoader:242 - Cannot read IP mode file for STMicroelectronics.X-CUBE-NFC4.3.0.0
2023-05-18 08:21:05,043 [WARN] PackLoader:242 - Cannot read IP mode file for STMicroelectronics.X-CUBE-AZRTOS-G4.2.0.0
2023-05-18 08:21:05,058 [WARN] PackLoader:242 - Cannot read IP mode file for STMicroelectronics.X-CUBE-TOF1.3.3.0
2023-05-18 08:21:05,089 [WARN] PackLoader:242 - Cannot read IP mode file for STMicroelectronics.FP-ATR-ASTRA1.1.1.1
2023-05-18 08:21:05,105 [WARN] PackLoader:242 - Cannot read IP mode file for STMicroelectronics.X-CUBE-AZRTOS-G4.1.0.0
2023-05-18 08:21:05,105 [WARN] PackLoader:242 - Cannot read IP mode file for STMicroelectronics.FP-ATR-SIGFOX1.3.2.0
2023-05-18 08:21:05,136 [WARN] PackLoader:242 - Cannot read IP mode file for STMicroelectronics.X-CUBE-AZRTOS-L4.1.0.0
2023-05-18 08:21:05,152 [WARN] PackLoader:242 - Cannot read IP mode file for STMicroelectronics.X-CUBE-AZRTOS-WL.1.0.0
2023-05-18 08:21:05,168 [WARN] PackLoader:242 - Cannot read IP mode file for portGmbH.I-Cube-SoM-uGOAL.1.1.0
2023-05-18 08:21:05,168 [WARN] PackLoader:242 - Cannot read IP mode file for STMicroelectronics.X-CUBE-ALS.1.0.1
2023-05-18 08:21:05,214 [WARN] PackLoader:242 - Cannot read IP mode file for STMicroelectronics.X-CUBE-MEMS1.9.5.0
2023-05-18 08:21:05,417 [WARN] PackLoader:242 - Cannot read IP mode file for STMicroelectronics.X-CUBE-AZRTOS-WB.1.1.0
2023-05-18 08:21:05,480 [WARN] PackLoader:242 - Cannot read IP mode file for SEGGER.I-CUBE-embOS.1.3.1
2023-05-18 08:21:05,589 [WARN] PackLoader:242 - Cannot read IP mode file for STMicroelectronics.FP-ATR-ASTRA1.2.0.0
2023-05-18 08:21:05,589 [INFO] ThirdParty:929 - Integrity check success = true
2023-05-18 08:21:05,589 [INFO] IntegrityCheckThread:98 - exiting critical section [integrity check]
2023-05-18 08:21:05,589 [INFO] IntegrityCheckThread:101 - End integrity checks thread
2023-05-18 08:21:05,589 [INFO] ThirdParty:829 - entering critical section [close project]
2023-05-18 08:21:05,605 [INFO] ThirdParty:839 - exiting critical section [close project]
2023-05-18 08:21:05,605 [INFO] PinOutPanel:1468 - setPackage(No Configuration,No Configuration)
2023-05-18 08:21:05,621 [INFO] UtilMem:74 - Begin LoadConfig() Used Memory: 200441176 Bytes (268435456)
2023-05-18 08:21:17,503 [INFO] MicroXplorer:451 - Change Database Path : 
2023-05-18 08:21:17,503 [INFO] MicroXplorer:481 - Change Database Version : DB.6.0.60
2023-05-18 08:21:17,503 [INFO] OpenFileManager:307 - Change cursor
2023-05-18 08:21:17,565 [INFO] Mcu:1922 - Initializing MCU STM32F103C(8-B)Tx STM32F103C8Tx 
2023-05-18 08:21:17,940 [INFO] ApiDb:576 - Connected to CubeFinder SQLite database (C:\Users\admin\.stmcufinder\plugins\mcufinder\mcu\cube-finder-db.db)
2023-05-18 08:21:18,175 [INFO] ApiDb:663 - CubeFinder database Data Model version=2.1
2023-05-18 08:21:18,175 [INFO] ApiDb:664 - CubeFinder database Configuration version=3.0.35
2023-05-18 08:21:18,175 [INFO] ApiDb:665 - CubeFinder database generation date=2023-03-10 (1678456172)
2023-05-18 08:21:18,175 [INFO] ApiDb:666 - CubeFinder database FW Pack versions=[FP-ATR-ASTRA1_V1.1.1, STM32Cube_FW_C0_V1.0.1, STM32Cube_FW_F0_V1.11.4, STM32Cube_FW_F3_V1.11.4, STM32Cube_FW_F4_V1.27.1, STM32Cube_FW_F7_V1.17.0, STM32Cube_FW_G0_V1.6.1, STM32Cube_FW_G4_V1.5.1, STM32Cube_FW_H5_V0.5.1, STM32Cube_FW_H5_V1.0.0, STM32Cube_FW_H7_V1.11.0, STM32Cube_FW_L0_V1.12.2, STM32Cube_FW_L5_V1.5.0, STM32Cube_FW_U5_V1.2.0, STM32Cube_FW_WBA_V1.0.0, STM32Cube_FW_WBA_V1.0.0RC1, STM32Cube_FW_WBA_V1.0.0RC3, STM32Cube_FW_WB_V1.15.0RC1, STM32Cube_FW_WB_V1.16.0, STM32Cube_FW_WB_V1.16.0RC2, STM32Cube_FW_WL_V1.3.0, X-CUBE-ALGOBUILD_V1.3.0, X-CUBE-ALS_V1.0.1, X-CUBE-AZRTOS-F4_V1.1.0, X-CUBE-AZRTOS-F7_V1.1.0, X-CUBE-AZRTOS-G0_V1.1.0, X-CUBE-AZRTOS-G4_V1.0.0, X-CUBE-AZRTOS-H7_V3.0.0, X-CUBE-AZRTOS-L4_V1.0.0, X-CUBE-AZRTOS-L5_V1.1.0, X-CUBE-AZRTOS-WB_V1.1.0, X-CUBE-AZRTOS-WL_V1.0.0, X-CUBE-BLE1_V6.2.4, X-CUBE-BLE2_V3.3.0, X-CUBE-BLEMGR_V1.3.0, X-CUBE-EEPRMA1_V4.1.0, X-CUBE-GNSS1_V6.0.0, X-CUBE-MEMS1_V9.1.0, X-CUBE-MEMS1_V9.4.0, X-CUBE-MEMS1_V9.5.0, X-CUBE-NFC4_V3.0.0, X-CUBE-NFC7_V1.0.0, X-CUBE-SFXS2LP1_V4.0.0, X-CUBE-SUBG2_V5.0.0]
2023-05-18 08:21:22,595 [INFO] ApiDb:239 - Found 138 in-development CPN: [B-WB1M-WPAN1, NUCLEO-C031C6, STEVAL-STWINBX1, STM320518-EVAL, STM32C0116-DK, STM32C011D6Y3TR, STM32C011D6Y6TR, STM32C011F4P3, STM32C011F4P6, STM32C011F4U3, STM32C011F4U6TR, STM32C011F6P3, STM32C011F6P6, STM32C011F6U3, STM32C011F6U6TR, STM32C011J4M3, STM32C011J4M6, STM32C011J6M3, STM32C011J6M6, STM32C0316-DK, STM32C031C4T3, STM32C031C4T6, STM32C031C4U3, STM32C031C4U6, STM32C031C6T3, STM32C031C6T6, STM32C031C6U3, STM32C031C6U6, STM32C031F4P3, STM32C031F4P6, STM32C031F6P3, STM32C031F6P6, STM32C031G4U3, STM32C031G4U6, STM32C031G6U3, STM32C031G6U6, STM32C031K4T3, STM32C031K4T6, STM32C031K4U3, STM32C031K4U6, STM32C031K6T3, STM32C031K6T6, STM32C031K6U3, STM32C031K6U6, STM32G071K8TXN, STM32G071K8UXN, STM32G081GBU6N, STM32G081KBT6N, STM32G081KBUXN, STM32G0B1CCT6N, STM32G0B1KCT6, STM32G0B1NEY6TR, STM32G0B1RCT6N, STM32G0C1CCT6, STM32G0C1CCT6N, STM32G0C1CCU6N, STM32G0C1CET6N, STM32G0C1CEU6N, STM32G0C1KCT6, STM32G0C1NEY6TR, STM32G0C1RCI6N, STM32G0C1RCT6N, STM32G0C1REI6N, STM32G0C1RET6N, STM32G0C1VCI6, STM32G0C1VEI6, STM32G471CCT6, STM32G471CCU6, STM32G471CET3, STM32G471CET6, STM32G471CEU3, STM32G471CEU6, STM32G471MCT6, STM32G471MET3, STM32G471MET6, STM32G471MEY6TR, STM32G471QCT6, STM32G471QET3, STM32G471RCT6, STM32G471RET3, STM32G471RET6, STM32G471VCH6, STM32G471VCI6, STM32G471VCT6, STM32G471VEH3, STM32G471VEH6, STM32G471VEI3, STM32G471VEI6, STM32G471VET3, STM32G471VET6, STM32G474CCT6, STM32L476VGY6PTR, STM32L4R5QGI6STR, STM32MP131AAE3, STM32MP131AAF3, STM32MP131AAG3, STM32MP131CAE3, STM32MP131CAF3, STM32MP131CAG3, STM32MP131DAE7, STM32MP131DAF7, STM32MP131DAG7, STM32MP131FAE7, STM32MP131FAF7, STM32MP131FAG7, STM32MP133AAE3, STM32MP133AAF3, STM32MP133AAG3, STM32MP133CAE3, STM32MP133CAF3, STM32MP133CAG3, STM32MP133DAE7, STM32MP133DAF7, STM32MP133DAG7, STM32MP133FAE7, STM32MP133FAF7, STM32MP133FAG7, STM32MP135AAE3, STM32MP135AAF3, STM32MP135AAG3, STM32MP135CAE3, STM32MP135CAF3, STM32MP135CAG3, STM32MP135DAE7, STM32MP135DAF7, STM32MP135DAG7, STM32MP135F-DK, STM32MP135FAE7, STM32MP135FAF7, STM32MP135FAG7, STM32U595ZJT6Q, STM32U599BJY6QTR, STM32U599NIH6Q, STM32U599NJH6Q, STM32U5A5ZJT6Q, STM32U5A9BJY6QTR, STM32U5A9NJH6Q, STM32WB1MMCH6]
2023-05-18 08:21:22,595 [INFO] DbMcus:215 - Found 3678 MCUs, 3678 are supported
2023-05-18 08:21:22,595 [INFO] ApiDb:418 - Load user favorites file C:\Users\admin/.stm32cubeide/favorites.mcus.txt: 0 item(s)
2023-05-18 08:21:22,595 [INFO] ApiDb:422 - User favorites MCUs=[]
2023-05-18 08:21:22,611 [INFO] DbMcus:221 - Set 0 / 0 favorites MCUs
2023-05-18 08:21:22,611 [INFO] Mcu:1935 - No CPN specified => set CPN to STM32F103C8T6
2023-05-18 08:21:23,814 [INFO] Context:654 - Trying to add GPIOservice into a context  which must be forbidden
2023-05-18 08:21:24,127 [INFO] Rule:225 - rule 117617 - U5Cobra4M][GTZC] default value MPCBB3 and MPCBB5 - Not Secured memory - MPCBB1 is applicable
2023-05-18 08:21:24,127 [INFO] Rule:225 - rule 117617 - U5Cobra4M][GTZC] default value MPCBB3 and MPCBB5 - Not Secured memory - MPCBB1 is applicable
2023-05-18 08:21:24,127 [INFO] Rule:225 - rule 117617 - U5Cobra4M][GTZC] default value MPCBB3 and MPCBB5 - Not Secured memory - MPCBB2 is applicable
2023-05-18 08:21:24,127 [INFO] Rule:225 - rule 117617 - U5Cobra4M][GTZC] default value MPCBB3 and MPCBB5 - Not Secured memory - MPCBB2 is applicable
2023-05-18 08:21:24,127 [INFO] Rule:225 - rule 117617 - U5Cobra4M][GTZC] default value MPCBB3 and MPCBB5 - Not Secured memory - MPCBB3 is applicable
2023-05-18 08:21:24,127 [INFO] Rule:225 - rule 117617 - U5Cobra4M][GTZC] default value MPCBB3 and MPCBB5 - Not Secured memory - MPCBB3 is applicable
2023-05-18 08:21:24,127 [INFO] Rule:225 - rule 117617 - U5Cobra4M][GTZC] default value MPCBB3 and MPCBB5 - Not Secured memory - MPCBB4 is applicable
2023-05-18 08:21:24,127 [INFO] Rule:225 - rule 117617 - U5Cobra4M][GTZC] default value MPCBB3 and MPCBB5 - Not Secured memory - MPCBB4 is applicable
2023-05-18 08:21:24,127 [INFO] Rule:225 - rule 117617 - U5Cobra4M][GTZC] default value MPCBB3 and MPCBB5 - Secured memory - MPCBB1 is applicable
2023-05-18 08:21:24,127 [INFO] Rule:225 - rule 117617 - U5Cobra4M][GTZC] default value MPCBB3 and MPCBB5 - Secured memory - MPCBB2 is applicable
2023-05-18 08:21:24,127 [INFO] Rule:225 - rule 117617 - U5Cobra4M][GTZC] default value MPCBB3 and MPCBB5 - Secured memory - MPCBB3 is applicable
2023-05-18 08:21:24,127 [INFO] Rule:225 - rule 117617 - U5Cobra4M][GTZC] default value MPCBB3 and MPCBB5 - Secured memory - MPCBB4 is applicable
2023-05-18 08:21:24,127 [INFO] Rule:225 - rule 117617 - U5Cobra4M][GTZC] default value MPCBB3 and MPCBB5 - Privileged memory - MPCBB1 is applicable
2023-05-18 08:21:24,142 [INFO] Rule:225 - rule 117617 - U5Cobra4M][GTZC] default value MPCBB3 and MPCBB5 - Privileged memory - MPCBB2 is applicable
2023-05-18 08:21:24,142 [INFO] Rule:225 - rule 117617 - U5Cobra4M][GTZC] default value MPCBB3 and MPCBB5 - Privileged memory - MPCBB3 is applicable
2023-05-18 08:21:24,142 [INFO] Rule:225 - rule 117617 - U5Cobra4M][GTZC] default value MPCBB3 and MPCBB5 - Privileged memory - MPCBB4 is applicable
2023-05-18 08:21:24,142 [INFO] Rule:225 - rule 117617 - U5Cobra4M][GTZC] default value MPCBB3 and MPCBB5 - Not Privileged memory - MPCBB1 is applicable
2023-05-18 08:21:24,142 [INFO] Rule:225 - rule 117617 - U5Cobra4M][GTZC] default value MPCBB3 and MPCBB5 - Not Privileged memory - MPCBB2 is applicable
2023-05-18 08:21:24,142 [INFO] Rule:225 - rule 117617 - U5Cobra4M][GTZC] default value MPCBB3 and MPCBB5 - Not Privileged memory - MPCBB3 is applicable
2023-05-18 08:21:24,142 [INFO] Rule:225 - rule 117617 - U5Cobra4M][GTZC] default value MPCBB3 and MPCBB5 - Not Privileged memory - MPCBB4 is applicable
2023-05-18 08:21:24,142 [INFO] Rule:225 - rule 117617 - U5Cobra4M][GTZC] default value MPCBB3 and MPCBB5 - Privileged memory - MPCBB1 is applicable
2023-05-18 08:21:24,142 [INFO] Rule:225 - rule 117617 - U5Cobra4M][GTZC] default value MPCBB3 and MPCBB5 - Privileged memory - MPCBB2 is applicable
2023-05-18 08:21:24,142 [INFO] Rule:225 - rule 117617 - U5Cobra4M][GTZC] default value MPCBB3 and MPCBB5 - Privileged memory - MPCBB3 is applicable
2023-05-18 08:21:24,142 [INFO] Rule:225 - rule 117617 - U5Cobra4M][GTZC] default value MPCBB3 and MPCBB5 - Privileged memory - MPCBB4 is applicable
2023-05-18 08:21:24,142 [INFO] Rule:225 - rule 117617 - U5Cobra4M][GTZC] default value MPCBB3 and MPCBB5 - Privileged memory - MPCBB1 is applicable
2023-05-18 08:21:24,142 [INFO] Rule:225 - rule 117617 - U5Cobra4M][GTZC] default value MPCBB3 and MPCBB5 - Privileged memory - MPCBB2 is applicable
2023-05-18 08:21:24,142 [INFO] Rule:225 - rule 117617 - U5Cobra4M][GTZC] default value MPCBB3 and MPCBB5 - Privileged memory - MPCBB3 is applicable
2023-05-18 08:21:24,142 [INFO] Rule:225 - rule 117617 - U5Cobra4M][GTZC] default value MPCBB3 and MPCBB5 - Privileged memory - MPCBB4 is applicable
2023-05-18 08:21:24,142 [INFO] Rule:225 - rule 117617 - U5Cobra4M][GTZC] default value MPCBB3 and MPCBB5 - Not Privileged memory - MPCBB1 is applicable
2023-05-18 08:21:24,142 [INFO] Rule:225 - rule 117617 - U5Cobra4M][GTZC] default value MPCBB3 and MPCBB5 - Not Privileged memory - MPCBB2 is applicable
2023-05-18 08:21:24,142 [INFO] Rule:225 - rule 117617 - U5Cobra4M][GTZC] default value MPCBB3 and MPCBB5 - Not Privileged memory - MPCBB3 is applicable
2023-05-18 08:21:24,142 [INFO] Rule:225 - rule 117617 - U5Cobra4M][GTZC] default value MPCBB3 and MPCBB5 - Not Privileged memory - MPCBB4 is applicable
2023-05-18 08:21:24,142 [INFO] Rule:225 - rule 117617 - U5Cobra4M][GTZC] default value MPCBB3 and MPCBB5 - Privileged memory - MPCBB1 is applicable
2023-05-18 08:21:24,142 [INFO] Rule:225 - rule 117617 - U5Cobra4M][GTZC] default value MPCBB3 and MPCBB5 - Privileged memory - MPCBB2 is applicable
2023-05-18 08:21:24,142 [INFO] Rule:225 - rule 117617 - U5Cobra4M][GTZC] default value MPCBB3 and MPCBB5 - Privileged memory - MPCBB3 is applicable
2023-05-18 08:21:24,142 [INFO] Rule:225 - rule 117617 - U5Cobra4M][GTZC] default value MPCBB3 and MPCBB5 - Privileged memory - MPCBB4 is applicable
2023-05-18 08:21:24,142 [INFO] Rule:225 - rule Rename SubGHz_Phy SUBGHZ_APPLICATION SUBGHZ_PINGPONG to SUBGHZ_ADV_APPLICATION is applicable
2023-05-18 08:21:24,142 [INFO] Rule:225 - rule GTZC_S instance for project manager is applicable
2023-05-18 08:21:24,142 [INFO] Rule:225 - rule GTZC_S instance for context M33S is applicable
2023-05-18 08:21:24,142 [INFO] Rule:225 - rule GTZC_S instance value for IP GTZC is applicable
2023-05-18 08:21:24,142 [INFO] Rule:225 - rule GTZC_S instance for mcu.IP is applicable
2023-05-18 08:21:24,142 [INFO] Rule:225 - rule GTZC_S instance for VP is applicable
2023-05-18 08:21:24,142 [INFO] Rule:225 - rule GTZC_S instance for signal is applicable
2023-05-18 08:21:24,142 [INFO] Rule:225 - rule Change Default Value for ADC Clock Prescaler G0 family is applicable
2023-05-18 08:21:24,142 [INFO] Rule:225 - rule Change GPIO_Pu Default Value for I2C is applicable
2023-05-18 08:21:24,142 [INFO] Rule:225 - rule Change GPIO_Pu Default Value for SMBus is applicable
2023-05-18 08:21:24,142 [INFO] Rule:225 - rule change FDCAN default value is applicable
2023-05-18 08:21:24,142 [INFO] DbConfProperties:305 - Apply Compatibility (3/47 Rules)
2023-05-18 08:21:24,283 [WARN] ApiManager:308 - Cannot register API 'Board Extension:GNSS1A1' from pack STMicroelectronics.X-CUBE-GNSS1.6.0.0: no header file found
2023-05-18 08:21:24,283 [WARN] ApiManager:308 - Cannot register API 'Board Support:Custom' from pack STMicroelectronics.X-CUBE-GNSS1.6.0.0: no header file found
2023-05-18 08:21:24,283 [WARN] ApiManager:308 - Cannot register API 'Data Exchange:lib_gnss' from pack STMicroelectronics.X-CUBE-GNSS1.6.0.0: no header file found
2023-05-18 08:21:24,548 [WARN] ApiManager:308 - Cannot register API 'Board Extension:IKS01A3' from pack STMicroelectronics.X-CUBE-MEMS1.9.6.0: no header file found
2023-05-18 08:21:24,548 [WARN] ApiManager:308 - Cannot register API 'Board Extension:IKS01A2' from pack STMicroelectronics.X-CUBE-MEMS1.9.6.0: no header file found
2023-05-18 08:21:24,548 [WARN] ApiManager:308 - Cannot register API 'Board Extension:IKS02A1' from pack STMicroelectronics.X-CUBE-MEMS1.9.6.0: no header file found
2023-05-18 08:21:24,564 [WARN] ApiManager:308 - Cannot register API 'Wireless:BlueNRG-MS' from pack STMicroelectronics.X-CUBE-BLE1.6.2.4: no header file found
2023-05-18 08:21:24,564 [INFO] RtosManager:488 - Registered RTOS mode: class=CMSIS, group=RTOS, mode=CMSIS_V1, owner=FREERTOS
2023-05-18 08:21:24,564 [INFO] RtosManager:488 - Registered RTOS mode: class=CMSIS, group=RTOS2, mode=CMSIS_V2, owner=FREERTOS
2023-05-18 08:21:24,564 [INFO] RtosManager:488 - Registered RTOS mode: class=RTOS, group=Core, mode=CMSIS_V1, owner=FREERTOS
2023-05-18 08:21:24,564 [INFO] RtosManager:488 - Registered RTOS mode: class=RTOS, group=Core, mode=CMSIS_V2, owner=FREERTOS
2023-05-18 08:21:24,564 [WARN] ModelIntegratedComponent:185 - Missing modes for component STMicroelectronics:FreeRTOS:0.0.1:STMicroelectronics:RTOS:FreeRTOS:Core:::10.2.0:
2023-05-18 08:21:24,580 [WARN] ApiManager:308 - Cannot register API 'Board Extension:S2868A1' from pack STMicroelectronics.X-CUBE-SUBG2.5.0.0: no header file found
2023-05-18 08:21:24,580 [WARN] ApiManager:308 - Cannot register API 'Board Extension:S2868A2' from pack STMicroelectronics.X-CUBE-SUBG2.5.0.0: no header file found
2023-05-18 08:21:24,580 [WARN] ApiManager:308 - Cannot register API 'Board Extension:S2915A1' from pack STMicroelectronics.X-CUBE-SUBG2.5.0.0: no header file found
2023-05-18 08:21:24,580 [WARN] ApiManager:308 - Cannot register API 'Board Extension:NFC04A1' from pack STMicroelectronics.X-CUBE-NFC4.3.0.0: no header file found
2023-05-18 08:21:24,595 [WARN] ModelIntegratedComponent:64 - No mode defined for component null
2023-05-18 08:21:24,595 [WARN] ModelIntegratedComponent:64 - No mode defined for component null
2023-05-18 08:21:24,595 [WARN] ModelIntegratedComponent:64 - No mode defined for component null
2023-05-18 08:21:24,595 [WARN] ModelIntegratedComponent:64 - No mode defined for component null
2023-05-18 08:21:24,595 [WARN] ModelIntegratedComponent:64 - No mode defined for component null
2023-05-18 08:21:24,595 [WARN] ModelIntegratedComponent:64 - No mode defined for component null
2023-05-18 08:21:24,595 [WARN] ModelIntegratedComponent:64 - No mode defined for component null
2023-05-18 08:21:24,595 [WARN] ModelIntegratedComponent:64 - No mode defined for component null
2023-05-18 08:21:24,595 [WARN] ModelIntegratedComponent:64 - No mode defined for component null
2023-05-18 08:21:24,595 [WARN] ModelIntegratedComponent:64 - No mode defined for component null
2023-05-18 08:21:24,595 [WARN] ModelIntegratedComponent:64 - No mode defined for component null
2023-05-18 08:21:24,595 [WARN] ModelIntegratedComponent:64 - No mode defined for component null
2023-05-18 08:21:24,595 [WARN] ModelIntegratedComponent:64 - No mode defined for component null
2023-05-18 08:21:24,595 [WARN] ModelIntegratedComponent:64 - No mode defined for component null
2023-05-18 08:21:24,595 [WARN] ModelIntegratedComponent:64 - No mode defined for component null
2023-05-18 08:21:24,595 [WARN] ModelIntegratedComponent:64 - No mode defined for component null
2023-05-18 08:21:24,595 [WARN] ModelIntegratedComponent:64 - No mode defined for component null
2023-05-18 08:21:24,595 [WARN] ModelIntegratedComponent:64 - No mode defined for component null
2023-05-18 08:21:24,595 [WARN] ModelIntegratedComponent:64 - No mode defined for component null
2023-05-18 08:21:24,595 [WARN] ModelIntegratedComponent:64 - No mode defined for component null
2023-05-18 08:21:24,595 [WARN] ModelIntegratedComponent:64 - No mode defined for component null
2023-05-18 08:21:24,595 [WARN] ModelIntegratedComponent:64 - No mode defined for component null
2023-05-18 08:21:24,595 [WARN] ModelIntegratedComponent:64 - No mode defined for component null
2023-05-18 08:21:24,595 [WARN] ModelIntegratedComponent:64 - No mode defined for component null
2023-05-18 08:21:24,595 [WARN] ModelIntegratedComponent:64 - No mode defined for component null
2023-05-18 08:21:24,595 [WARN] ModelIntegratedComponent:64 - No mode defined for component null
2023-05-18 08:21:24,595 [WARN] ModelIntegratedComponent:64 - No mode defined for component null
2023-05-18 08:21:24,595 [WARN] ModelIntegratedComponent:64 - No mode defined for component null
2023-05-18 08:21:24,595 [WARN] ModelIntegratedComponent:64 - No mode defined for component null
2023-05-18 08:21:24,595 [WARN] ModelIntegratedComponent:64 - No mode defined for component null
2023-05-18 08:21:24,595 [WARN] ModelIntegratedComponent:64 - No mode defined for component null
2023-05-18 08:21:24,595 [WARN] ModelIntegratedComponent:64 - No mode defined for component null
2023-05-18 08:21:24,595 [WARN] ModelIntegratedComponent:64 - No mode defined for component null
2023-05-18 08:21:24,595 [WARN] ApiManager:308 - Cannot register API 'Board Extension:NFC07A1' from pack STMicroelectronics.X-CUBE-NFC7.1.0.0: no header file found
2023-05-18 08:21:24,611 [WARN] ApiManager:308 - Cannot register API 'Board Extension:EEPRMA1' from pack STMicroelectronics.X-CUBE-EEPRMA1.4.1.0: no header file found
2023-05-18 08:21:24,611 [WARN] ApiManager:308 - Cannot register API 'Board Extension:EEPRMA2' from pack STMicroelectronics.X-CUBE-EEPRMA1.4.1.0: no header file found
2023-05-18 08:21:24,611 [WARN] ApiManager:308 - Cannot register API 'Board Extension:PGEEZ1' from pack STMicroelectronics.X-CUBE-EEPRMA1.4.1.0: no header file found
2023-05-18 08:21:24,611 [WARN] ApiManager:308 - Cannot register API 'Board Part:M24' from pack STMicroelectronics.X-CUBE-EEPRMA1.4.1.0: no header file found
2023-05-18 08:21:24,611 [WARN] ApiManager:308 - Cannot register API 'Board Part:M95' from pack STMicroelectronics.X-CUBE-EEPRMA1.4.1.0: no header file found
2023-05-18 08:21:24,611 [WARN] ApiManager:308 - Cannot register API 'Board Part:M95P32' from pack STMicroelectronics.X-CUBE-EEPRMA1.4.1.0: no header file found
2023-05-18 08:21:24,611 [WARN] ApiManager:308 - Cannot register API 'PGEEZ1:SPI' from pack STMicroelectronics.X-CUBE-EEPRMA1.4.1.0: no header file found
2023-05-18 08:21:24,611 [WARN] ApiManager:308 - Cannot register API 'PGEEZ1:QDSPI' from pack STMicroelectronics.X-CUBE-EEPRMA1.4.1.0: no header file found
2023-05-18 08:21:24,720 [WARN] ApiManager:308 - Cannot register API 'Board Extension:IKS01A3' from pack STMicroelectronics.X-CUBE-MEMS1.9.5.0: no header file found
2023-05-18 08:21:24,720 [WARN] ApiManager:308 - Cannot register API 'Board Extension:IKS01A2' from pack STMicroelectronics.X-CUBE-MEMS1.9.5.0: no header file found
2023-05-18 08:21:24,720 [WARN] ApiManager:308 - Cannot register API 'Board Extension:IKS02A1' from pack STMicroelectronics.X-CUBE-MEMS1.9.5.0: no header file found
2023-05-18 08:21:24,736 [WARN] ApiManager:308 - Cannot register API 'Board Extension:S2868A1' from pack STMicroelectronics.X-CUBE-SFXS2LP1.4.0.0: no header file found
2023-05-18 08:21:24,736 [WARN] ApiManager:308 - Cannot register API 'Board Extension:S2868A2' from pack STMicroelectronics.X-CUBE-SFXS2LP1.4.0.0: no header file found
2023-05-18 08:21:24,736 [WARN] ApiManager:308 - Cannot register API 'Board Extension:S2915A1' from pack STMicroelectronics.X-CUBE-SFXS2LP1.4.0.0: no header file found
2023-05-18 08:21:24,736 [WARN] ApiManager:308 - Cannot register API 'Wireless:BlueNRG-2' from pack STMicroelectronics.X-CUBE-BLE2.3.3.0: no header file found
2023-05-18 08:21:24,767 [INFO] ThirdPartyModel:289 - Start build external matchings
2023-05-18 08:21:25,601 [INFO] ThirdPartyModel:302 - End build external matchings
2023-05-18 08:21:25,679 [INFO] ImportTextPane:193 - (OptionalMessage_ERROR) IP (DMA) : Parameter (Instance) has Id (ADC1) currently not set
2023-05-18 08:21:25,679 [INFO] ImportTextPane:193 - (OptionalMessage_ERROR) IP (DMA) : Parameter (Direction) has Id (ADC1) currently not set
2023-05-18 08:21:25,679 [INFO] ImportTextPane:193 - (OptionalMessage_ERROR) IP (DMA) : Parameter (PeriphInc) has Id (ADC1) currently not set
2023-05-18 08:21:25,679 [INFO] ImportTextPane:193 - (OptionalMessage_ERROR) IP (DMA) : Parameter (MemInc) has Id (ADC1) currently not set
2023-05-18 08:21:25,679 [INFO] ImportTextPane:193 - (OptionalMessage_ERROR) IP (DMA) : Parameter (PeriphDataAlignment) has Id (ADC1) currently not set
2023-05-18 08:21:25,679 [INFO] ImportTextPane:193 - (OptionalMessage_ERROR) IP (DMA) : Parameter (MemDataAlignment) has Id (ADC1) currently not set
2023-05-18 08:21:25,679 [INFO] ImportTextPane:193 - (OptionalMessage_ERROR) IP (DMA) : Parameter (Mode) has Id (ADC1) currently not set
2023-05-18 08:21:25,679 [INFO] ImportTextPane:193 - (OptionalMessage_ERROR) IP (DMA) : Parameter (Priority) has Id (ADC1) currently not set
2023-05-18 08:21:25,679 [INFO] ImportTextPane:193 - (OptionalMessage_ERROR) IP (RCC) : Invalid parameter (FamilyName)
2023-05-18 08:21:25,679 [INFO] ImportTextPane:193 - (OptionalMessage_ERROR) IP (RCC) : Parameter (MCOFreq_Value) has invalid value (72000000)
2023-05-18 08:21:25,679 [INFO] ImportTextPane:193 - (OptionalMessage_ERROR) IP (RCC) : Parameter (USBFreq_Value) has invalid value (72000000)
2023-05-18 08:21:26,086 [INFO] UtilMem:74 - End LoadConfig() Used Memory: 252488024 Bytes (290455552)
2023-05-18 08:21:26,429 [WARN] ThirdParty:789 - waiting for thirdparty lock release [change project]
2023-05-18 08:21:26,429 [INFO] ThirdParty:791 - entering critical section [change project]
2023-05-18 08:21:26,429 [INFO] ThirdParty:981 - CMSIS Pack Vendor :STMicroelectronics X-CUBE-ISPU 1.1.0
2023-05-18 08:21:26,429 [INFO] ThirdParty:981 - CMSIS Pack Vendor :RoweBots I-CUBE-UNISONRTOS 5.5.0-4
2023-05-18 08:21:26,429 [INFO] ThirdParty:981 - CMSIS Pack Vendor :STMicroelectronics X-CUBE-GNSS1 6.0.0
2023-05-18 08:21:26,429 [INFO] ThirdParty:981 - CMSIS Pack Vendor :STMicroelectronics USB_HOST 2.0.0
2023-05-18 08:21:26,429 [INFO] ThirdParty:981 - CMSIS Pack Vendor :STMicroelectronics X-CUBE-AZRTOS-F4 1.1.0
2023-05-18 08:21:26,429 [INFO] ThirdParty:981 - CMSIS Pack Vendor :STMicroelectronics LIBJPEG 8.0.0
2023-05-18 08:21:26,429 [INFO] ThirdParty:981 - CMSIS Pack Vendor :STMicroelectronics X-CUBE-SMBUS 2.1.0
2023-05-18 08:21:26,429 [INFO] ThirdParty:981 - CMSIS Pack Vendor :STMicroelectronics USB_DEVICE 3.0.0
2023-05-18 08:21:26,429 [INFO] ThirdParty:981 - CMSIS Pack Vendor :STMicroelectronics X-CUBE-AI 8.0.0
2023-05-18 08:21:26,429 [INFO] ThirdParty:981 - CMSIS Pack Vendor :STMicroelectronics X-CUBE-FREERTOS 1.0.0
2023-05-18 08:21:26,429 [INFO] ThirdParty:981 - CMSIS Pack Vendor :STMicroelectronics X-CUBE-FREERTOS 1.0.1
2023-05-18 08:21:26,429 [INFO] ThirdParty:981 - CMSIS Pack Vendor :STMicroelectronics X-CUBE-TOUCHGFX 4.21.1
2023-05-18 08:21:26,429 [INFO] ThirdParty:981 - CMSIS Pack Vendor :STMicroelectronics X-CUBE-TOUCHGFX 4.21.3
2023-05-18 08:21:26,429 [INFO] ThirdParty:981 - CMSIS Pack Vendor :STMicroelectronics X-CUBE-AZRTOS-F7 1.1.0
2023-05-18 08:21:26,429 [INFO] ThirdParty:981 - CMSIS Pack Vendor :STMicroelectronics X-CUBE-TOUCHGFX 4.21.4
2023-05-18 08:21:26,429 [INFO] ThirdParty:981 - CMSIS Pack Vendor :STMicroelectronics USB_DEVICE 2.0.0
2023-05-18 08:21:26,429 [INFO] ThirdParty:981 - CMSIS Pack Vendor :STMicroelectronics X-CUBE-MEMS1 9.6.0
2023-05-18 08:21:26,429 [INFO] ThirdParty:981 - CMSIS Pack Vendor :STMicroelectronics FP-SNS-MOTENV1 4.3.0
2023-05-18 08:21:26,429 [INFO] ThirdParty:981 - CMSIS Pack Vendor :STMicroelectronics FP-SNS-FLIGHT1 5.0.0
2023-05-18 08:21:26,429 [INFO] ThirdParty:981 - CMSIS Pack Vendor :STMicroelectronics X-CUBE-ALGOBUILD 1.3.0
2023-05-18 08:21:26,429 [INFO] ThirdParty:981 - CMSIS Pack Vendor :STMicroelectronics X-CUBE-BLE1 6.2.4
2023-05-18 08:21:26,429 [INFO] ThirdParty:981 - CMSIS Pack Vendor :STMicroelectronics X-CUBE-AZRTOS-L5 1.1.0
2023-05-18 08:21:26,429 [INFO] ThirdParty:981 - CMSIS Pack Vendor :STMicroelectronics FreeRTOS 0.0.1
2023-05-18 08:21:26,429 [INFO] ThirdParty:981 - CMSIS Pack Vendor :emotas I-CUBE-CANOPEN 1.1.3
2023-05-18 08:21:26,429 [INFO] ThirdParty:981 - CMSIS Pack Vendor :STMicroelectronics X-CUBE-AZRTOS-G0 1.1.0
2023-05-18 08:21:26,429 [INFO] ThirdParty:981 - CMSIS Pack Vendor :STMicroelectronics X-CUBE-BLEMGR 2.0.0
2023-05-18 08:21:26,429 [INFO] ThirdParty:981 - CMSIS Pack Vendor :STMicroelectronics X-CUBE-AI 8.0.1
2023-05-18 08:21:26,429 [INFO] ThirdParty:981 - CMSIS Pack Vendor :STMicroelectronics X-CUBE-SUBG2 5.0.0
2023-05-18 08:21:26,429 [INFO] ThirdParty:981 - CMSIS Pack Vendor :STMicroelectronics X-CUBE-NFC4 3.0.0
2023-05-18 08:21:26,429 [INFO] ThirdParty:981 - CMSIS Pack Vendor :STMicroelectronics STM32_WPAN 1.0.0
2023-05-18 08:21:26,429 [INFO] ThirdParty:981 - CMSIS Pack Vendor :STMicroelectronics lwIP 2.0.3
2023-05-18 08:21:26,429 [INFO] ThirdParty:981 - CMSIS Pack Vendor :STMicroelectronics USB_HOST 1.0.0
2023-05-18 08:21:26,429 [INFO] ThirdParty:981 - CMSIS Pack Vendor :STMicroelectronics X-CUBE-AZRTOS-G4 2.0.0
2023-05-18 08:21:26,429 [INFO] ThirdParty:981 - CMSIS Pack Vendor :STMicroelectronics PDM2PCM 3.1.0
2023-05-18 08:21:26,429 [INFO] ThirdParty:981 - CMSIS Pack Vendor :STMicroelectronics X-CUBE-AZRTOS-H7 3.1.0
2023-05-18 08:21:26,429 [INFO] ThirdParty:981 - CMSIS Pack Vendor :STMicroelectronics X-CUBE-TOF1 3.3.0
2023-05-18 08:21:26,429 [INFO] ThirdParty:981 - CMSIS Pack Vendor :STMicroelectronics FP-ATR-ASTRA1 1.1.1
2023-05-18 08:21:26,429 [INFO] ThirdParty:981 - CMSIS Pack Vendor :STMicroelectronics PDM2PCM 3.3.0
2023-05-18 08:21:26,429 [INFO] ThirdParty:981 - CMSIS Pack Vendor :STMicroelectronics X-CUBE-DISPLAY 3.0.0
2023-05-18 08:21:26,429 [INFO] ThirdParty:981 - CMSIS Pack Vendor :STMicroelectronics X-CUBE-AZRTOS-G4 1.0.0
2023-05-18 08:21:26,429 [INFO] ThirdParty:981 - CMSIS Pack Vendor :STMicroelectronics FP-ATR-SIGFOX1 3.2.0
2023-05-18 08:21:26,429 [INFO] ThirdParty:981 - CMSIS Pack Vendor :wolfSSL I-CUBE-wolfSSL 5.5.4
2023-05-18 08:21:26,429 [INFO] ThirdParty:981 - CMSIS Pack Vendor :STMicroelectronics X-CUBE-AZRTOS-L4 1.0.0
2023-05-18 08:21:26,429 [INFO] ThirdParty:981 - CMSIS Pack Vendor :STMicroelectronics HAL Drivers 0.0.0
2023-05-18 08:21:26,429 [INFO] ThirdParty:981 - CMSIS Pack Vendor :STMicroelectronics MBEDTLS 2.16.2
2023-05-18 08:21:26,429 [INFO] ThirdParty:981 - CMSIS Pack Vendor :STMicroelectronics MBEDTLS 2.14.1
2023-05-18 08:21:26,429 [INFO] ThirdParty:981 - CMSIS Pack Vendor :STMicroelectronics X-CUBE-NFC7 1.0.0
2023-05-18 08:21:26,429 [INFO] ThirdParty:981 - CMSIS Pack Vendor :STMicroelectronics X-CUBE-AZRTOS-WL 1.0.0
2023-05-18 08:21:26,429 [INFO] ThirdParty:981 - CMSIS Pack Vendor :STMicroelectronics X-CUBE-EEPRMA1 4.1.0
2023-05-18 08:21:26,429 [INFO] ThirdParty:981 - CMSIS Pack Vendor :portGmbH I-Cube-SoM-uGOAL 1.1.0
2023-05-18 08:21:26,429 [INFO] ThirdParty:981 - CMSIS Pack Vendor :STMicroelectronics X-CUBE-ALS 1.0.1
2023-05-18 08:21:26,429 [INFO] ThirdParty:981 - CMSIS Pack Vendor :STMicroelectronics X-CUBE-MEMS1 9.5.0
2023-05-18 08:21:26,429 [INFO] ThirdParty:981 - CMSIS Pack Vendor :STMicroelectronics ThreadX 1.0.0
2023-05-18 08:21:26,429 [INFO] ThirdParty:981 - CMSIS Pack Vendor :STMicroelectronics X-CUBE-AZRTOS-WB 1.1.0
2023-05-18 08:21:26,429 [INFO] ThirdParty:981 - CMSIS Pack Vendor :SEGGER I-CUBE-embOS 1.3.1
2023-05-18 08:21:26,429 [INFO] ThirdParty:981 - CMSIS Pack Vendor :STMicroelectronics USB_DEVICE 1.0.0
2023-05-18 08:21:26,429 [INFO] ThirdParty:981 - CMSIS Pack Vendor :STMicroelectronics ThreadX 0.0.2
2023-05-18 08:21:26,429 [INFO] ThirdParty:981 - CMSIS Pack Vendor :WES I-CUBE-Cesium 1.3.0
2023-05-18 08:21:26,429 [INFO] ThirdParty:981 - CMSIS Pack Vendor :STMicroelectronics FP-ATR-ASTRA1 2.0.0
2023-05-18 08:21:26,429 [INFO] ThirdParty:981 - CMSIS Pack Vendor :STMicroelectronics lwIP 2.1.2
2023-05-18 08:21:26,445 [INFO] ThirdParty:981 - CMSIS Pack Vendor :STMicroelectronics X-CUBE-SFXS2LP1 4.0.0
2023-05-18 08:21:26,445 [INFO] ThirdParty:981 - CMSIS Pack Vendor :STMicroelectronics X-CUBE-BLE2 3.3.0
2023-05-18 08:21:26,445 [INFO] ThirdParty:981 - CMSIS Pack Vendor :STMicroelectronics X-CUBE-TOF1 3.2.0
2023-05-18 08:21:26,445 [INFO] ThirdParty:981 - CMSIS Pack Vendor :STMicroelectronics PDM2PCM 3.2.0
2023-05-18 08:21:26,445 [INFO] ThirdParty:981 - CMSIS Pack Vendor :STMicroelectronics X-CUBE-AZRTOS-H7 3.0.0
2023-05-18 08:21:26,445 [INFO] ThirdParty:797 - exiting critical section [change project]
2023-05-18 08:21:27,117 [INFO] PinOutPanel:1468 - setPackage(No Configuration,No Configuration)
2023-05-18 08:21:27,117 [INFO] PinOutPanel:1468 - setPackage(STM32F103C8Tx,LQFP48)
2023-05-18 08:21:28,054 [INFO] UtilMem:74 - Before build in PCC Used Memory: 283655192 Bytes (372244480)
2023-05-18 08:21:29,476 [INFO] UtilMem:74 - After build in PCC Used Memory: 261967640 Bytes (372244480)
2023-05-18 08:21:29,508 [INFO] IPUIPlugin:79 - create IPUIPlugin
2023-05-18 08:21:29,508 [INFO] IPUIPlugin:79 - create IPUIPlugin
2023-05-18 08:21:29,508 [INFO] IPUIPlugin:79 - create IPUIPlugin
2023-05-18 08:21:29,508 [INFO] IPUIPlugin:79 - create IPUIPlugin
2023-05-18 08:21:29,508 [INFO] IPUIPlugin:79 - create IPUIPlugin
2023-05-18 08:21:29,508 [INFO] IPUIPlugin:79 - create IPUIPlugin
2023-05-18 08:21:29,508 [INFO] IPUIPlugin:79 - create IPUIPlugin
2023-05-18 08:21:29,508 [INFO] IPUIPlugin:79 - create IPUIPlugin
2023-05-18 08:21:29,508 [INFO] IPUIPlugin:79 - create IPUIPlugin
2023-05-18 08:21:29,508 [INFO] IPUIPlugin:79 - create IPUIPlugin
2023-05-18 08:21:29,508 [INFO] IPUIPlugin:79 - create IPUIPlugin
2023-05-18 08:21:29,508 [INFO] IPUIPlugin:79 - create IPUIPlugin
2023-05-18 08:21:29,508 [INFO] IPUIPlugin:79 - create IPUIPlugin
2023-05-18 08:21:29,508 [INFO] IPUIPlugin:79 - create IPUIPlugin
2023-05-18 08:21:29,523 [INFO] IPUIPlugin:79 - create IPUIPlugin
2023-05-18 08:21:29,523 [INFO] IPUIPlugin:79 - create IPUIPlugin
2023-05-18 08:21:29,523 [INFO] IPUIPlugin:79 - create IPUIPlugin
2023-05-18 08:21:29,523 [INFO] IPUIPlugin:79 - create IPUIPlugin
2023-05-18 08:21:29,523 [INFO] IPUIPlugin:79 - create IPUIPlugin
2023-05-18 08:21:29,523 [INFO] IPUIPlugin:79 - create IPUIPlugin
2023-05-18 08:21:29,523 [INFO] IPUIPlugin:79 - create IPUIPlugin
2023-05-18 08:21:29,523 [INFO] IPUIPlugin:79 - create IPUIPlugin
2023-05-18 08:21:29,523 [INFO] IPUIPlugin:79 - create IPUIPlugin
2023-05-18 08:21:29,523 [INFO] IPUIPlugin:79 - create IPUIPlugin
2023-05-18 08:21:29,523 [INFO] IPUIPlugin:79 - create IPUIPlugin
2023-05-18 08:21:29,523 [INFO] IPUIPlugin:79 - create IPUIPlugin
2023-05-18 08:21:29,523 [INFO] IPUIPlugin:79 - create IPUIPlugin
2023-05-18 08:21:29,898 [INFO] OpenFileManager:327 - Restore cursor
2023-05-18 08:22:48,508 [INFO] UtilMem:74 - End SaveConfig() Used Memory: 472956856 Bytes (507510784)
2023-05-18 08:22:51,339 [INFO] UtilMem:74 - End SaveConfig() Used Memory: 462034616 Bytes (507510784)
2023-05-18 08:22:51,591 [INFO] UtilMem:74 - End SaveConfig() Used Memory: 477894760 Bytes (507510784)
2023-05-18 08:22:52,742 [INFO] BlockDiagram:2753 - set Specific Code input for plugin: NVIC
2023-05-18 08:22:52,742 [INFO] BlockDiagram:2753 - set Specific Code input for plugin: USART
2023-05-18 08:22:52,742 [INFO] BlockDiagram:2753 - set Specific Code input for plugin: DMA
2023-05-18 08:22:52,742 [INFO] BlockDiagram:2753 - set Specific Code input for plugin: TIM1_8F1
2023-05-18 08:22:52,742 [INFO] BlockDiagram:2753 - set Specific Code input for plugin: TIM1_8F1
2023-05-18 08:22:52,743 [INFO] BlockDiagram:2753 - set Specific Code input for plugin: TIM1_8F1
2023-05-18 08:22:52,743 [INFO] BlockDiagram:2753 - set Specific Code input for plugin: SYS
2023-05-18 08:22:52,744 [INFO] BlockDiagram:2753 - set Specific Code input for plugin: GPIO
2023-05-18 08:22:52,744 [INFO] BlockDiagram:2753 - set Specific Code input for plugin: ADC
2023-05-18 08:22:52,744 [INFO] BlockDiagram:2753 - set Specific Code input for plugin: RCC
2023-05-18 08:22:52,746 [INFO] CodeGenerator:690 - code generatio: config db path: C:\ST\STM32CubeIDE_1.10.0\STM32CubeIDE\plugins\com.st.stm32cube.common.mx_6.6.0.202206222154\\db\
2023-05-18 08:22:53,355 [INFO] CodeEngine:245 - oldGeneratedFile, D:\STM32\STM32_CUBEIDE\dustsensor\MXTmpFiles\license.tmp_save
2023-05-18 08:22:54,038 [INFO] CodeEngine:269 - Generated code: D:\STM32\STM32_CUBEIDE\dustsensor\MXTmpFiles\license.tmp
2023-05-18 08:22:54,218 [INFO] CodeEngine:245 - oldGeneratedFile, D:\STM32\STM32_CUBEIDE\dustsensor\MXTmpFiles\gpio.tmp_save
2023-05-18 08:22:54,455 [INFO] CodeEngine:269 - Generated code: D:\STM32\STM32_CUBEIDE\dustsensor\MXTmpFiles\gpio.tmp
2023-05-18 08:22:55,079 [INFO] CodeEngine:245 - oldGeneratedFile, D:\STM32\STM32_CUBEIDE\dustsensor\MXTmpFiles\dma.tmp_save
2023-05-18 08:22:55,263 [INFO] CodeEngine:269 - Generated code: D:\STM32\STM32_CUBEIDE\dustsensor\MXTmpFiles\dma.tmp
2023-05-18 08:22:55,267 [INFO] CodeEngine:245 - oldGeneratedFile, D:\STM32\STM32_CUBEIDE\dustsensor\MXTmpFiles\dma_GV.tmp_save
2023-05-18 08:22:55,418 [INFO] CodeEngine:269 - Generated code: D:\STM32\STM32_CUBEIDE\dustsensor\MXTmpFiles\dma_GV.tmp
2023-05-18 08:22:55,440 [INFO] CodeEngine:245 - oldGeneratedFile, D:\STM32\STM32_CUBEIDE\dustsensor\Core\Src\stm32f1xx_it.c_save
2023-05-18 08:22:55,667 [INFO] CodeEngine:269 - Generated code: D:\STM32\STM32_CUBEIDE\dustsensor\Core\Src\stm32f1xx_it.c
2023-05-18 08:22:55,673 [INFO] CodeEngine:245 - oldGeneratedFile, D:\STM32\STM32_CUBEIDE\dustsensor\Core\Inc\stm32f1xx_it.h_save
2023-05-18 08:22:55,807 [INFO] CodeEngine:269 - Generated code: D:\STM32\STM32_CUBEIDE\dustsensor\Core\Inc\stm32f1xx_it.h
2023-05-18 08:22:55,822 [INFO] CodeEngine:245 - oldGeneratedFile, D:\STM32\STM32_CUBEIDE\dustsensor\Core\Src\stm32f1xx_hal_msp.c_save
2023-05-18 08:22:56,058 [INFO] CodeEngine:269 - Generated code: D:\STM32\STM32_CUBEIDE\dustsensor\Core\Src\stm32f1xx_hal_msp.c
2023-05-18 08:22:56,064 [INFO] CodeEngine:245 - oldGeneratedFile, D:\STM32\STM32_CUBEIDE\dustsensor\MXTmpFiles\system.tmp_save
2023-05-18 08:22:56,156 [INFO] CodeEngine:269 - Generated code: D:\STM32\STM32_CUBEIDE\dustsensor\MXTmpFiles\system.tmp
2023-05-18 08:22:56,167 [INFO] CodeEngine:245 - oldGeneratedFile, D:\STM32\STM32_CUBEIDE\dustsensor\Core\Inc\stm32f1xx_hal_conf.h_save
2023-05-18 08:22:56,299 [INFO] CodeEngine:269 - Generated code: D:\STM32\STM32_CUBEIDE\dustsensor\Core\Inc\stm32f1xx_hal_conf.h
2023-05-18 08:22:56,342 [WARN] IPConfigManager:3348 - IP not found : TIM
2023-05-18 08:22:56,345 [WARN] CodeGenerator:3567 - IP not found : null
2023-05-18 08:22:56,355 [INFO] CodeEngine:245 - oldGeneratedFile, D:\STM32\STM32_CUBEIDE\dustsensor\Core\Inc\main.h_save
2023-05-18 08:22:56,494 [INFO] CodeEngine:269 - Generated code: D:\STM32\STM32_CUBEIDE\dustsensor\Core\Inc\main.h
2023-05-18 08:22:56,503 [INFO] CodeEngine:245 - oldGeneratedFile, D:\STM32\STM32_CUBEIDE\dustsensor\Core\Src\main.c_save
2023-05-18 08:22:56,868 [INFO] CodeEngine:269 - Generated code: D:\STM32\STM32_CUBEIDE\dustsensor\Core\Src\main.c
2023-05-18 08:22:58,246 [INFO] ProjectBuilder:2919 - Time for Copy HAL[1] : 237mS.
2023-05-18 08:22:58,266 [INFO] ProjectBuilder:4115 - Project Generator version: 3.17.1
2023-05-18 08:22:58,947 [INFO] ConfigFileManager:1394 - The Die is : DIE410
2023-05-18 08:22:58,967 [INFO] ApiDbMcu:505 - Load IP Config File for FATFS
2023-05-18 08:22:58,974 [INFO] ApiDbMcu:505 - Load IP Config File for FREERTOS
2023-05-18 08:22:58,983 [INFO] ApiDbMcu:505 - Load IP Config File for USB_DEVICE
2023-05-18 08:23:01,621 [INFO] ProjectBuilder:4283 - Time for Generating toolchain IDE Files: 3354mS.
2023-05-18 08:23:01,622 [INFO] ProjectBuilder:2790 - Time for Copy CMSIS : 1mS.
2023-05-18 08:23:01,625 [INFO] ProjectBuilder:2790 - Time for Copy CMSIS : 0mS.
